This is pdfTeX, Version 3.141592653-2.6-1.40.25 (TeX Live 2023/Debian) (preloaded format=pdflatex 2025.9.19)  27 MAR 2026 08:41
entering extended mode
 restricted \write18 enabled.
 %&-line parsing enabled.
**efficiency_corrections_comparison.tex
(./efficiency_corrections_comparison.tex
LaTeX2e <2023-11-01> patch level 1
L3 programming layer <2024-01-22>
(/usr/share/texlive/texmf-dist/tex/latex/base/article.cls
Document Class: article 2023/05/17 v1.4n Standard LaTeX document class
(/usr/share/texlive/texmf-dist/tex/latex/base/size12.clo
File: size12.clo 2023/05/17 v1.4n Standard LaTeX file (size option)
)
\c@part=\count187
\c@section=\count188
\c@subsection=\count189
\c@subsubsection=\count190
\c@paragraph=\count191
\c@subparagraph=\count192
\c@figure=\count193
\c@table=\count194
\abovecaptionskip=\skip48
\belowcaptionskip=\skip49
\bibindent=\dimen140
)
(/usr/share/texlive/texmf-dist/tex/latex/base/inputenc.sty
Package: inputenc 2021/02/14 v1.3d Input encoding file
\inpenc@prehook=\toks17
\inpenc@posthook=\toks18
)
(/usr/share/texlive/texmf-dist/tex/latex/amsmath/amsmath.sty
Package: amsmath 2023/05/13 v2.17o AMS math features
\@mathmargin=\skip50

For additional information on amsmath, use the `?' option.
(/usr/share/texlive/texmf-dist/tex/latex/amsmath/amstext.sty
Package: amstext 2021/08/26 v2.01 AMS text

(/usr/share/texlive/texmf-dist/tex/latex/amsmath/amsgen.sty
File: amsgen.sty 1999/11/30 v2.0 generic functions
\@emptytoks=\toks19
\ex@=\dimen141
))
(/usr/share/texlive/texmf-dist/tex/latex/amsmath/amsbsy.sty
Package: amsbsy 1999/11/29 v1.2d Bold Symbols
\pmbraise@=\dimen142
)
(/usr/share/texlive/texmf-dist/tex/latex/amsmath/amsopn.sty
Package: amsopn 2022/04/08 v2.04 operator names
)
\inf@bad=\count195
LaTeX Info: Redefining \frac on input line 234.
\uproot@=\count196
\leftroot@=\count197
LaTeX Info: Redefining \overline on input line 399.
LaTeX Info: Redefining \colon on input line 410.
\classnum@=\count198
\DOTSCASE@=\count199
LaTeX Info: Redefining \ldots on input line 496.
LaTeX Info: Redefining \dots on input line 499.
LaTeX Info: Redefining \cdots on input line 620.
\Mathstrutbox@=\box51
\strutbox@=\box52
LaTeX Info: Redefining \big on input line 722.
LaTeX Info: Redefining \Big on input line 723.
LaTeX Info: Redefining \bigg on input line 724.
LaTeX Info: Redefining \Bigg on input line 725.
\big@size=\dimen143
LaTeX Font Info:    Redeclaring font encoding OML on input line 743.
LaTeX Font Info:    Redeclaring font encoding OMS on input line 744.
\macc@depth=\count266
LaTeX Info: Redefining \bmod on input line 905.
LaTeX Info: Redefining \pmod on input line 910.
LaTeX Info: Redefining \smash on input line 940.
LaTeX Info: Redefining \relbar on input line 970.
LaTeX Info: Redefining \Relbar on input line 971.
\c@MaxMatrixCols=\count267
\dotsspace@=\muskip16
\c@parentequation=\count268
\dspbrk@lvl=\count269
\tag@help=\toks20
\row@=\count270
\column@=\count271
\maxfields@=\count272
\andhelp@=\toks21
\eqnshift@=\dimen144
\alignsep@=\dimen145
\tagshift@=\dimen146
\tagwidth@=\dimen147
\totwidth@=\dimen148
\lineht@=\dimen149
\@envbody=\toks22
\multlinegap=\skip51
\multlinetaggap=\skip52
\mathdisplay@stack=\toks23
LaTeX Info: Redefining \[ on input line 2953.
LaTeX Info: Redefining \] on input line 2954.
)
(/usr/share/texlive/texmf-dist/tex/latex/graphics/graphicx.sty
Package: graphicx 2021/09/16 v1.2d Enhanced LaTeX Graphics (DPC,SPQR)

(/usr/share/texlive/texmf-dist/tex/latex/graphics/keyval.sty
Package: keyval 2022/05/29 v1.15 key=value parser (DPC)
\KV@toks@=\toks24
)
(/usr/share/texlive/texmf-dist/tex/latex/graphics/graphics.sty
Package: graphics 2022/03/10 v1.4e Standard LaTeX Graphics (DPC,SPQR)

(/usr/share/texlive/texmf-dist/tex/latex/graphics/trig.sty
Package: trig 2021/08/11 v1.11 sin cos tan (DPC)
)
(/usr/share/texlive/texmf-dist/tex/latex/graphics-cfg/graphics.cfg
File: graphics.cfg 2016/06/04 v1.11 sample graphics configuration
)
Package graphics Info: Driver file: pdftex.def on input line 107.

(/usr/share/texlive/texmf-dist/tex/latex/graphics-def/pdftex.def
File: pdftex.def 2022/09/22 v1.2b Graphics/color driver for pdftex
))
\Gin@req@height=\dimen150
\Gin@req@width=\dimen151
)
(/usr/share/texlive/texmf-dist/tex/latex/geometry/geometry.sty
Package: geometry 2020/01/02 v5.9 Page Geometry

(/usr/share/texlive/texmf-dist/tex/generic/iftex/ifvtex.sty
Package: ifvtex 2019/10/25 v1.7 ifvtex legacy package. Use iftex instead.

(/usr/share/texlive/texmf-dist/tex/generic/iftex/iftex.sty
Package: iftex 2022/02/03 v1.0f TeX engine tests
))
\Gm@cnth=\count273
\Gm@cntv=\count274
\c@Gm@tempcnt=\count275
\Gm@bindingoffset=\dimen152
\Gm@wd@mp=\dimen153
\Gm@odd@mp=\dimen154
\Gm@even@mp=\dimen155
\Gm@layoutwidth=\dimen156
\Gm@layoutheight=\dimen157
\Gm@layouthoffset=\dimen158
\Gm@layoutvoffset=\dimen159
\Gm@dimlist=\toks25
)
(/usr/share/texlive/texmf-dist/tex/latex/caption/caption.sty
Package: caption 2023/08/05 v3.6o Customizing captions (AR)

(/usr/share/texlive/texmf-dist/tex/latex/caption/caption3.sty
Package: caption3 2023/07/31 v2.4d caption3 kernel (AR)
\caption@tempdima=\dimen160
\captionmargin=\dimen161
\caption@leftmargin=\dimen162
\caption@rightmargin=\dimen163
\caption@width=\dimen164
\caption@indent=\dimen165
\caption@parindent=\dimen166
\caption@hangindent=\dimen167
Package caption Info: Standard document class detected.
)
\c@caption@flags=\count276
\c@continuedfloat=\count277
)
(/usr/share/texlive/texmf-dist/tex/latex/caption/subcaption.sty
Package: subcaption 2023/07/28 v1.6b Sub-captions (AR)
Package caption Info: New subtype `subfigure' on input line 238.
\c@subfigure=\count278
Package caption Info: New subtype `subtable' on input line 238.
\c@subtable=\count279
)
(/usr/share/texlive/texmf-dist/tex/latex/float/float.sty
Package: float 2001/11/08 v1.3d Float enhancements (AL)
\c@float@type=\count280
\float@exts=\toks26
\float@box=\box53
\@float@everytoks=\toks27
\@floatcapt=\box54
)
(/usr/share/texlive/texmf-dist/tex/latex/hyperref/hyperref.sty
Package: hyperref 2024-01-20 v7.01h Hypertext links for LaTeX

(/usr/share/texlive/texmf-dist/tex/latex/kvsetkeys/kvsetkeys.sty
Package: kvsetkeys 2022-10-05 v1.19 Key value parser (HO)
)
(/usr/share/texlive/texmf-dist/tex/generic/kvdefinekeys/kvdefinekeys.sty
Package: kvdefinekeys 2019-12-19 v1.6 Define keys (HO)
)
(/usr/share/texlive/texmf-dist/tex/generic/pdfescape/pdfescape.sty
Package: pdfescape 2019/12/09 v1.15 Implements pdfTeX's escape features (HO)

(/usr/share/texlive/texmf-dist/tex/generic/ltxcmds/ltxcmds.sty
Package: ltxcmds 2023-12-04 v1.26 LaTeX kernel commands for general use (HO)
)
(/usr/share/texlive/texmf-dist/tex/generic/pdftexcmds/pdftexcmds.sty
Package: pdftexcmds 2020-06-27 v0.33 Utility functions of pdfTeX for LuaTeX (HO
)

(/usr/share/texlive/texmf-dist/tex/generic/infwarerr/infwarerr.sty
Package: infwarerr 2019/12/03 v1.5 Providing info/warning/error messages (HO)
)
Package pdftexcmds Info: \pdf@primitive is available.
Package pdftexcmds Info: \pdf@ifprimitive is available.
Package pdftexcmds Info: \pdfdraftmode found.
))
(/usr/share/texlive/texmf-dist/tex/latex/hycolor/hycolor.sty
Package: hycolor 2020-01-27 v1.10 Color options for hyperref/bookmark (HO)
)
(/usr/share/texlive/texmf-dist/tex/latex/auxhook/auxhook.sty
Package: auxhook 2019-12-17 v1.6 Hooks for auxiliary files (HO)
)
(/usr/share/texlive/texmf-dist/tex/latex/hyperref/nameref.sty
Package: nameref 2023-11-26 v2.56 Cross-referencing by name of section

(/usr/share/texlive/texmf-dist/tex/latex/refcount/refcount.sty
Package: refcount 2019/12/15 v3.6 Data extraction from label references (HO)
)
(/usr/share/texlive/texmf-dist/tex/generic/gettitlestring/gettitlestring.sty
Package: gettitlestring 2019/12/15 v1.6 Cleanup title references (HO)

(/usr/share/texlive/texmf-dist/tex/latex/kvoptions/kvoptions.sty
Package: kvoptions 2022-06-15 v3.15 Key value format for package options (HO)
))
\c@section@level=\count281
)
(/usr/share/texlive/texmf-dist/tex/latex/etoolbox/etoolbox.sty
Package: etoolbox 2020/10/05 v2.5k e-TeX tools for LaTeX (JAW)
\etb@tempcnta=\count282
)
\@linkdim=\dimen168
\Hy@linkcounter=\count283
\Hy@pagecounter=\count284

(/usr/share/texlive/texmf-dist/tex/latex/hyperref/pd1enc.def
File: pd1enc.def 2024-01-20 v7.01h Hyperref: PDFDocEncoding definition (HO)
Now handling font encoding PD1 ...
... no UTF-8 mapping file for font encoding PD1
)
(/usr/share/texlive/texmf-dist/tex/generic/intcalc/intcalc.sty
Package: intcalc 2019/12/15 v1.3 Expandable calculations with integers (HO)
)
\Hy@SavedSpaceFactor=\count285

(/usr/share/texlive/texmf-dist/tex/latex/hyperref/puenc.def
File: puenc.def 2024-01-20 v7.01h Hyperref: PDF Unicode definition (HO)
Now handling font encoding PU ...
... no UTF-8 mapping file for font encoding PU
)
Package hyperref Info: Hyper figures OFF on input line 4179.
Package hyperref Info: Link nesting OFF on input line 4184.
Package hyperref Info: Hyper index ON on input line 4187.
Package hyperref Info: Plain pages OFF on input line 4194.
Package hyperref Info: Backreferencing OFF on input line 4199.
Package hyperref Info: Implicit mode ON; LaTeX internals redefined.
Package hyperref Info: Bookmarks ON on input line 4446.
\c@Hy@tempcnt=\count286

(/usr/share/texlive/texmf-dist/tex/latex/url/url.sty
\Urlmuskip=\muskip17
Package: url 2013/09/16  ver 3.4  Verb mode for urls, etc.
)
LaTeX Info: Redefining \url on input line 4784.
\XeTeXLinkMargin=\dimen169

(/usr/share/texlive/texmf-dist/tex/generic/bitset/bitset.sty
Package: bitset 2019/12/09 v1.3 Handle bit-vector datatype (HO)

(/usr/share/texlive/texmf-dist/tex/generic/bigintcalc/bigintcalc.sty
Package: bigintcalc 2019/12/15 v1.5 Expandable calculations on big integers (HO
)
))
\Fld@menulength=\count287
\Field@Width=\dimen170
\Fld@charsize=\dimen171
Package hyperref Info: Hyper figures OFF on input line 6063.
Package hyperref Info: Link nesting OFF on input line 6068.
Package hyperref Info: Hyper index ON on input line 6071.
Package hyperref Info: backreferencing OFF on input line 6078.
Package hyperref Info: Link coloring OFF on input line 6083.
Package hyperref Info: Link coloring with OCG OFF on input line 6088.
Package hyperref Info: PDF/A mode OFF on input line 6093.

(/usr/share/texlive/texmf-dist/tex/latex/base/atbegshi-ltx.sty
Package: atbegshi-ltx 2021/01/10 v1.0c Emulation of the original atbegshi
package with kernel methods
)
\Hy@abspage=\count288
\c@Item=\count289
\c@Hfootnote=\count290
)
Package hyperref Info: Driver (autodetected): hpdftex.

(/usr/share/texlive/texmf-dist/tex/latex/hyperref/hpdftex.def
File: hpdftex.def 2024-01-20 v7.01h Hyperref driver for pdfTeX

(/usr/share/texlive/texmf-dist/tex/latex/base/atveryend-ltx.sty
Package: atveryend-ltx 2020/08/19 v1.0a Emulation of the original atveryend pac
kage
with kernel methods
)
\Fld@listcount=\count291
\c@bookmark@seq@number=\count292

(/usr/share/texlive/texmf-dist/tex/latex/rerunfilecheck/rerunfilecheck.sty
Package: rerunfilecheck 2022-07-10 v1.10 Rerun checks for auxiliary files (HO)

(/usr/share/texlive/texmf-dist/tex/generic/uniquecounter/uniquecounter.sty
Package: uniquecounter 2019/12/15 v1.4 Provide unlimited unique counter (HO)
)
Package uniquecounter Info: New unique counter `rerunfilecheck' on input line 2
85.
)
\Hy@SectionHShift=\skip53
)
Package hyperref Info: Option `colorlinks' set `true' on input line 17.

(/usr/share/texlive/texmf-dist/tex/latex/l3backend/l3backend-pdftex.def
File: l3backend-pdftex.def 2024-01-04 L3 backend support: PDF output (pdfTeX)
\l__color_backend_stack_int=\count293
\l__pdf_internal_box=\box55
)
(./efficiency_corrections_comparison.aux)
\openout1 = `efficiency_corrections_comparison.aux'.

LaTeX Font Info:    Checking defaults for OML/cmm/m/it on input line 25.
LaTeX Font Info:    ... okay on input line 25.
LaTeX Font Info:    Checking defaults for OMS/cmsy/m/n on input line 25.
LaTeX Font Info:    ... okay on input line 25.
LaTeX Font Info:    Checking defaults for OT1/cmr/m/n on input line 25.
LaTeX Font Info:    ... okay on input line 25.
LaTeX Font Info:    Checking defaults for T1/cmr/m/n on input line 25.
LaTeX Font Info:    ... okay on input line 25.
LaTeX Font Info:    Checking defaults for TS1/cmr/m/n on input line 25.
LaTeX Font Info:    ... okay on input line 25.
LaTeX Font Info:    Checking defaults for OMX/cmex/m/n on input line 25.
LaTeX Font Info:    ... okay on input line 25.
LaTeX Font Info:    Checking defaults for U/cmr/m/n on input line 25.
LaTeX Font Info:    ... okay on input line 25.
LaTeX Font Info:    Checking defaults for PD1/pdf/m/n on input line 25.
LaTeX Font Info:    ... okay on input line 25.
LaTeX Font Info:    Checking defaults for PU/pdf/m/n on input line 25.
LaTeX Font Info:    ... okay on input line 25.

(/usr/share/texlive/texmf-dist/tex/context/base/mkii/supp-pdf.mkii
[Loading MPS to PDF converter (version 2006.09.02).]
\scratchcounter=\count294
\scratchdimen=\dimen172
\scratchbox=\box56
\nofMPsegments=\count295
\nofMParguments=\count296
\everyMPshowfont=\toks28
\MPscratchCnt=\count297
\MPscratchDim=\dimen173
\MPnumerator=\count298
\makeMPintoPDFobject=\count299
\everyMPtoPDFconversion=\toks29
) (/usr/share/texlive/texmf-dist/tex/latex/epstopdf-pkg/epstopdf-base.sty
Package: epstopdf-base 2020-01-24 v2.11 Base part for package epstopdf
Package epstopdf-base Info: Redefining graphics rule for `.eps' on input line 4
85.

(/usr/share/texlive/texmf-dist/tex/latex/latexconfig/epstopdf-sys.cfg
File: epstopdf-sys.cfg 2010/07/13 v1.3 Configuration of (r)epstopdf for TeX Liv
e
))
*geometry* driver: auto-detecting
*geometry* detected driver: pdftex
*geometry* verbose mode - [ preamble ] result:
* driver: pdftex
* paper: a4paper
* layout: <same size as paper>
* layoutoffset:(h,v)=(0.0pt,0.0pt)
* modes: 
* h-part:(L,W,R)=(36.135pt, 525.23788pt, 36.135pt)
* v-part:(T,H,B)=(72.26999pt, 700.50687pt, 72.26999pt)
* \paperwidth=597.50787pt
* \paperheight=845.04684pt
* \textwidth=525.23788pt
* \textheight=700.50687pt
* \oddsidemargin=-36.135pt
* \evensidemargin=-36.135pt
* \topmargin=-37.0pt
* \headheight=12.0pt
* \headsep=25.0pt
* \topskip=12.0pt
* \footskip=30.0pt
* \marginparwidth=35.0pt
* \marginparsep=10.0pt
* \columnsep=10.0pt
* \skip\footins=10.8pt plus 4.0pt minus 2.0pt
* \hoffset=0.0pt
* \voffset=0.0pt
* \mag=1000
* \@twocolumnfalse
* \@twosidefalse
* \@mparswitchfalse
* \@reversemarginfalse
* (1in=72.27pt=25.4mm, 1cm=28.453pt)

Package caption Info: Begin \AtBeginDocument code.
Package caption Info: float package is loaded.
Package caption Info: hyperref package is loaded.
Package caption Info: End \AtBeginDocument code.
(/usr/share/texlive/texmf-dist/tex/latex/graphics/color.sty
Package: color 2022/01/06 v1.3d Standard LaTeX Color (DPC)

(/usr/share/texlive/texmf-dist/tex/latex/graphics-cfg/color.cfg
File: color.cfg 2016/01/02 v1.6 sample color configuration
)
Package color Info: Driver file: pdftex.def on input line 149.

(/usr/share/texlive/texmf-dist/tex/latex/graphics/mathcolor.ltx))
Package hyperref Info: Link coloring ON on input line 25.

(./efficiency_corrections_comparison.out)
(./efficiency_corrections_comparison.out)
\@outlinefile=\write3
\openout3 = `efficiency_corrections_comparison.out'.


(./efficiency_corrections_comparison.toc)
\tf@toc=\write4
\openout4 = `efficiency_corrections_comparison.toc'.

 [1

{/var/lib/texmf/fonts/map/pdftex/updmap/pdftex.map}] (./efficiency_corrections_
comparison.lof)
\tf@lof=\write5
\openout5 = `efficiency_corrections_comparison.lof'.

 [2

] [3

{/usr/share/texmf/fonts/enc/dvips/cm-super/cm-super-ts1.enc}]
<../StepByStepPlots/E_total_hodo_LH2.pdf, id=152, 569.12625pt x 414.54875pt>
File: ../StepByStepPlots/E_total_hodo_LH2.pdf Graphic file (type pdf)
<use ../StepByStepPlots/E_total_hodo_LH2.pdf>
Package pdftex.def Info: ../StepByStepPlots/E_total_hodo_LH2.pdf  used on input
 line 87.
(pdftex.def)             Requested size: 257.36945pt x 187.47505pt.
<./E_total_hodo_LH2.pdf, id=153, 569.12625pt x 414.54875pt>
File: ./E_total_hodo_LH2.pdf Graphic file (type pdf)
<use ./E_total_hodo_LH2.pdf>
Package pdftex.def Info: ./E_total_hodo_LH2.pdf  used on input line 92.
(pdftex.def)             Requested size: 257.36945pt x 187.47505pt.
<../StepByStepPlots/E_total_reco_LH2.pdf, id=154, 569.12625pt x 414.54875pt>
File: ../StepByStepPlots/E_total_reco_LH2.pdf Graphic file (type pdf)
<use ../StepByStepPlots/E_total_reco_LH2.pdf>
Package pdftex.def Info: ../StepByStepPlots/E_total_reco_LH2.pdf  used on input
 line 102.
(pdftex.def)             Requested size: 257.36945pt x 187.47505pt.
<./E_total_reco_LH2.pdf, id=155, 569.12625pt x 414.54875pt>
File: ./E_total_reco_LH2.pdf Graphic file (type pdf)
<use ./E_total_reco_LH2.pdf>
Package pdftex.def Info: ./E_total_reco_LH2.pdf  used on input line 107.
(pdftex.def)             Requested size: 257.36945pt x 187.47505pt.
<../StepByStepPlots/E_total_final_LH2.pdf, id=156, 569.12625pt x 414.54875pt>
File: ../StepByStepPlots/E_total_final_LH2.pdf Graphic file (type pdf)
<use ../StepByStepPlots/E_total_final_LH2.pdf>
Package pdftex.def Info: ../StepByStepPlots/E_total_final_LH2.pdf  used on inpu
t line 117.
(pdftex.def)             Requested size: 257.36945pt x 187.47505pt.
<./E_total_final_LH2.pdf, id=157, 569.12625pt x 414.54875pt>
File: ./E_total_final_LH2.pdf Graphic file (type pdf)
<use ./E_total_final_LH2.pdf>
Package pdftex.def Info: ./E_total_final_LH2.pdf  used on input line 122.
(pdftex.def)             Requested size: 257.36945pt x 187.47505pt.
 [4

 <../StepByStepPlots/E_total_hodo_LH2.pdf, page is rotated 90 degrees> <./E_tot
al_hodo_LH2.pdf, page is rotated 90 degrees> <../StepByStepPlots/E_total_reco_L
H2.pdf, page is rotated 90 degrees> <./E_total_reco_LH2.pdf, page is rotated 90
 degrees>] [5 <../StepByStepPlots/E_total_final_LH2.pdf, page is rotated 90 deg
rees> <./E_total_final_LH2.pdf, page is rotated 90 degrees>]
<../StepByStepPlots/E_mix_hodo_LH2.pdf, id=427, 569.12625pt x 414.54875pt>
File: ../StepByStepPlots/E_mix_hodo_LH2.pdf Graphic file (type pdf)
<use ../StepByStepPlots/E_mix_hodo_LH2.pdf>
Package pdftex.def Info: ../StepByStepPlots/E_mix_hodo_LH2.pdf  used on input l
ine 135.
(pdftex.def)             Requested size: 257.36945pt x 187.47505pt.
<./E_mix_hodo_LH2.pdf, id=428, 569.12625pt x 414.54875pt>
File: ./E_mix_hodo_LH2.pdf Graphic file (type pdf)
<use ./E_mix_hodo_LH2.pdf>
Package pdftex.def Info: ./E_mix_hodo_LH2.pdf  used on input line 140.
(pdftex.def)             Requested size: 257.36945pt x 187.47505pt.
<../StepByStepPlots/E_mix_reco_LH2.pdf, id=429, 569.12625pt x 414.54875pt>
File: ../StepByStepPlots/E_mix_reco_LH2.pdf Graphic file (type pdf)
<use ../StepByStepPlots/E_mix_reco_LH2.pdf>
Package pdftex.def Info: ../StepByStepPlots/E_mix_reco_LH2.pdf  used on input l
ine 150.
(pdftex.def)             Requested size: 257.36945pt x 187.47505pt.
<./E_mix_reco_LH2.pdf, id=430, 569.12625pt x 414.54875pt>
File: ./E_mix_reco_LH2.pdf Graphic file (type pdf)
<use ./E_mix_reco_LH2.pdf>
Package pdftex.def Info: ./E_mix_reco_LH2.pdf  used on input line 155.
(pdftex.def)             Requested size: 257.36945pt x 187.47505pt.
<../StepByStepPlots/E_mix_final_LH2.pdf, id=431, 569.12625pt x 414.54875pt>
File: ../StepByStepPlots/E_mix_final_LH2.pdf Graphic file (type pdf)
<use ../StepByStepPlots/E_mix_final_LH2.pdf>
Package pdftex.def Info: ../StepByStepPlots/E_mix_final_LH2.pdf  used on input 
line 165.
(pdftex.def)             Requested size: 257.36945pt x 187.47505pt.
<./E_mix_final_LH2.pdf, id=432, 569.12625pt x 414.54875pt>
File: ./E_mix_final_LH2.pdf Graphic file (type pdf)
<use ./E_mix_final_LH2.pdf>
Package pdftex.def Info: ./E_mix_final_LH2.pdf  used on input line 170.
(pdftex.def)             Requested size: 257.36945pt x 187.47505pt.
 [6

 <../StepByStepPlots/E_mix_hodo_LH2.pdf, page is rotated 90 degrees> <./E_mix_h
odo_LH2.pdf, page is rotated 90 degrees> <../StepByStepPlots/E_mix_reco_LH2.pdf
, page is rotated 90 degrees> <./E_mix_reco_LH2.pdf, page is rotated 90 degrees
>] [7 <../StepByStepPlots/E_mix_final_LH2.pdf, page is rotated 90 degrees> <./E
_mix_final_LH2.pdf, page is rotated 90 degrees>]
<../StepByStepPlots/E_final_signal_LH2.pdf, id=701, 569.12625pt x 414.54875pt>
File: ../StepByStepPlots/E_final_signal_LH2.pdf Graphic file (type pdf)
<use ../StepByStepPlots/E_final_signal_LH2.pdf>
Package pdftex.def Info: ../StepByStepPlots/E_final_signal_LH2.pdf  used on inp
ut line 183.
(pdftex.def)             Requested size: 257.36945pt x 187.47505pt.
<./E_final_signal_LH2.pdf, id=702, 569.12625pt x 414.54875pt>
File: ./E_final_signal_LH2.pdf Graphic file (type pdf)
<use ./E_final_signal_LH2.pdf>
Package pdftex.def Info: ./E_final_signal_LH2.pdf  used on input line 188.
(pdftex.def)             Requested size: 257.36945pt x 187.47505pt.
 [8

 <../StepByStepPlots/E_final_signal_LH2.pdf, page is rotated 90 degrees> <./E_f
inal_signal_LH2.pdf, page is rotated 90 degrees>]
<../StepByStepPlots/E_total_hodo_LD2.pdf, id=793, 569.12625pt x 414.54875pt>
File: ../StepByStepPlots/E_total_hodo_LD2.pdf Graphic file (type pdf)
<use ../StepByStepPlots/E_total_hodo_LD2.pdf>
Package pdftex.def Info: ../StepByStepPlots/E_total_hodo_LD2.pdf  used on input
 line 203.
(pdftex.def)             Requested size: 257.36945pt x 187.47505pt.
<./E_total_hodo_LD2.pdf, id=794, 569.12625pt x 414.54875pt>
File: ./E_total_hodo_LD2.pdf Graphic file (type pdf)
<use ./E_total_hodo_LD2.pdf>
Package pdftex.def Info: ./E_total_hodo_LD2.pdf  used on input line 208.
(pdftex.def)             Requested size: 257.36945pt x 187.47505pt.
<../StepByStepPlots/E_total_reco_LD2.pdf, id=795, 569.12625pt x 414.54875pt>
File: ../StepByStepPlots/E_total_reco_LD2.pdf Graphic file (type pdf)
<use ../StepByStepPlots/E_total_reco_LD2.pdf>
Package pdftex.def Info: ../StepByStepPlots/E_total_reco_LD2.pdf  used on input
 line 218.
(pdftex.def)             Requested size: 257.36945pt x 187.47505pt.
<./E_total_reco_LD2.pdf, id=796, 569.12625pt x 414.54875pt>
File: ./E_total_reco_LD2.pdf Graphic file (type pdf)
<use ./E_total_reco_LD2.pdf>
Package pdftex.def Info: ./E_total_reco_LD2.pdf  used on input line 223.
(pdftex.def)             Requested size: 257.36945pt x 187.47505pt.
<../StepByStepPlots/E_total_final_LD2.pdf, id=797, 569.12625pt x 414.54875pt>
File: ../StepByStepPlots/E_total_final_LD2.pdf Graphic file (type pdf)
<use ../StepByStepPlots/E_total_final_LD2.pdf>
Package pdftex.def Info: ../StepByStepPlots/E_total_final_LD2.pdf  used on inpu
t line 233.
(pdftex.def)             Requested size: 257.36945pt x 187.47505pt.
<./E_total_final_LD2.pdf, id=798, 569.12625pt x 414.54875pt>
File: ./E_total_final_LD2.pdf Graphic file (type pdf)
<use ./E_total_final_LD2.pdf>
Package pdftex.def Info: ./E_total_final_LD2.pdf  used on input line 238.
(pdftex.def)             Requested size: 257.36945pt x 187.47505pt.
 [9

 <../StepByStepPlots/E_total_hodo_LD2.pdf, page is rotated 90 degrees> <./E_tot
al_hodo_LD2.pdf, page is rotated 90 degrees> <../StepByStepPlots/E_total_reco_L
D2.pdf, page is rotated 90 degrees> <./E_total_reco_LD2.pdf, page is rotated 90
 degrees>] [10 <../StepByStepPlots/E_total_final_LD2.pdf, page is rotated 90 de
grees> <./E_total_final_LD2.pdf, page is rotated 90 degrees>]
<../StepByStepPlots/E_mix_hodo_LD2.pdf, id=1066, 569.12625pt x 414.54875pt>
File: ../StepByStepPlots/E_mix_hodo_LD2.pdf Graphic file (type pdf)
<use ../StepByStepPlots/E_mix_hodo_LD2.pdf>
Package pdftex.def Info: ../StepByStepPlots/E_mix_hodo_LD2.pdf  used on input l
ine 251.
(pdftex.def)             Requested size: 257.36945pt x 187.47505pt.
<./E_mix_hodo_LD2.pdf, id=1067, 569.12625pt x 414.54875pt>
File: ./E_mix_hodo_LD2.pdf Graphic file (type pdf)
<use ./E_mix_hodo_LD2.pdf>
Package pdftex.def Info: ./E_mix_hodo_LD2.pdf  used on input line 256.
(pdftex.def)             Requested size: 257.36945pt x 187.47505pt.
<../StepByStepPlots/E_mix_reco_LD2.pdf, id=1068, 569.12625pt x 414.54875pt>
File: ../StepByStepPlots/E_mix_reco_LD2.pdf Graphic file (type pdf)
<use ../StepByStepPlots/E_mix_reco_LD2.pdf>
Package pdftex.def Info: ../StepByStepPlots/E_mix_reco_LD2.pdf  used on input l
ine 266.
(pdftex.def)             Requested size: 257.36945pt x 187.47505pt.
<./E_mix_reco_LD2.pdf, id=1069, 569.12625pt x 414.54875pt>
File: ./E_mix_reco_LD2.pdf Graphic file (type pdf)
<use ./E_mix_reco_LD2.pdf>
Package pdftex.def Info: ./E_mix_reco_LD2.pdf  used on input line 271.
(pdftex.def)             Requested size: 257.36945pt x 187.47505pt.
<../StepByStepPlots/E_mix_final_LD2.pdf, id=1070, 569.12625pt x 414.54875pt>
File: ../StepByStepPlots/E_mix_final_LD2.pdf Graphic file (type pdf)
<use ../StepByStepPlots/E_mix_final_LD2.pdf>
Package pdftex.def Info: ../StepByStepPlots/E_mix_final_LD2.pdf  used on input 
line 281.
(pdftex.def)             Requested size: 257.36945pt x 187.47505pt.
<./E_mix_final_LD2.pdf, id=1071, 569.12625pt x 414.54875pt>
File: ./E_mix_final_LD2.pdf Graphic file (type pdf)
<use ./E_mix_final_LD2.pdf>
Package pdftex.def Info: ./E_mix_final_LD2.pdf  used on input line 286.
(pdftex.def)             Requested size: 257.36945pt x 187.47505pt.
 [11

 <../StepByStepPlots/E_mix_hodo_LD2.pdf, page is rotated 90 degrees> <./E_mix_h
odo_LD2.pdf, page is rotated 90 degrees> <../StepByStepPlots/E_mix_reco_LD2.pdf
, page is rotated 90 degrees> <./E_mix_reco_LD2.pdf, page is rotated 90 degrees
>] [12 <../StepByStepPlots/E_mix_final_LD2.pdf, page is rotated 90 degrees> <./
E_mix_final_LD2.pdf, page is rotated 90 degrees>]
<../StepByStepPlots/E_final_signal_LD2.pdf, id=1340, 569.12625pt x 414.54875pt>

File: ../StepByStepPlots/E_final_signal_LD2.pdf Graphic file (type pdf)
<use ../StepByStepPlots/E_final_signal_LD2.pdf>
Package pdftex.def Info: ../StepByStepPlots/E_final_signal_LD2.pdf  used on inp
ut line 299.
(pdftex.def)             Requested size: 257.36945pt x 187.47505pt.
<./E_final_signal_LD2.pdf, id=1341, 569.12625pt x 414.54875pt>
File: ./E_final_signal_LD2.pdf Graphic file (type pdf)
<use ./E_final_signal_LD2.pdf>
Package pdftex.def Info: ./E_final_signal_LD2.pdf  used on input line 304.
(pdftex.def)             Requested size: 257.36945pt x 187.47505pt.
 [13

 <../StepByStepPlots/E_final_signal_LD2.pdf, page is rotated 90 degrees> <./E_f
inal_signal_LD2.pdf, page is rotated 90 degrees>]
<../StepByStepPlots/E_total_hodo_Flask.pdf, id=1433, 569.12625pt x 414.54875pt>

File: ../StepByStepPlots/E_total_hodo_Flask.pdf Graphic file (type pdf)
<use ../StepByStepPlots/E_total_hodo_Flask.pdf>
Package pdftex.def Info: ../StepByStepPlots/E_total_hodo_Flask.pdf  used on inp
ut line 319.
(pdftex.def)             Requested size: 257.36945pt x 187.47505pt.
<./E_total_hodo_Flask.pdf, id=1434, 569.12625pt x 414.54875pt>
File: ./E_total_hodo_Flask.pdf Graphic file (type pdf)
<use ./E_total_hodo_Flask.pdf>
Package pdftex.def Info: ./E_total_hodo_Flask.pdf  used on input line 324.
(pdftex.def)             Requested size: 257.36945pt x 187.47505pt.
<../StepByStepPlots/E_total_reco_Flask.pdf, id=1435, 569.12625pt x 414.54875pt>

File: ../StepByStepPlots/E_total_reco_Flask.pdf Graphic file (type pdf)
<use ../StepByStepPlots/E_total_reco_Flask.pdf>
Package pdftex.def Info: ../StepByStepPlots/E_total_reco_Flask.pdf  used on inp
ut line 334.
(pdftex.def)             Requested size: 257.36945pt x 187.47505pt.
<./E_total_reco_Flask.pdf, id=1436, 569.12625pt x 414.54875pt>
File: ./E_total_reco_Flask.pdf Graphic file (type pdf)
<use ./E_total_reco_Flask.pdf>
Package pdftex.def Info: ./E_total_reco_Flask.pdf  used on input line 339.
(pdftex.def)             Requested size: 257.36945pt x 187.47505pt.
<../StepByStepPlots/E_total_final_Flask.pdf, id=1437, 569.12625pt x 414.54875pt
>
File: ../StepByStepPlots/E_total_final_Flask.pdf Graphic file (type pdf)
<use ../StepByStepPlots/E_total_final_Flask.pdf>
Package pdftex.def Info: ../StepByStepPlots/E_total_final_Flask.pdf  used on in
put line 349.
(pdftex.def)             Requested size: 257.36945pt x 187.47505pt.
<./E_total_final_Flask.pdf, id=1438, 569.12625pt x 414.54875pt>
File: ./E_total_final_Flask.pdf Graphic file (type pdf)
<use ./E_total_final_Flask.pdf>
Package pdftex.def Info: ./E_total_final_Flask.pdf  used on input line 354.
(pdftex.def)             Requested size: 257.36945pt x 187.47505pt.
 [14

 <../StepByStepPlots/E_total_hodo_Flask.pdf, page is rotated 90 degrees> <./E_t
otal_hodo_Flask.pdf, page is rotated 90 degrees> <../StepByStepPlots/E_total_re
co_Flask.pdf, page is rotated 90 degrees> <./E_total_reco_Flask.pdf, page is ro
tated 90 degrees>] [15 <../StepByStepPlots/E_total_final_Flask.pdf, page is rot
ated 90 degrees> <./E_total_final_Flask.pdf, page is rotated 90 degrees>]
<../StepByStepPlots/E_mix_hodo_Flask.pdf, id=1706, 569.12625pt x 414.54875pt>
File: ../StepByStepPlots/E_mix_hodo_Flask.pdf Graphic file (type pdf)
<use ../StepByStepPlots/E_mix_hodo_Flask.pdf>
Package pdftex.def Info: ../StepByStepPlots/E_mix_hodo_Flask.pdf  used on input
 line 367.
(pdftex.def)             Requested size: 257.36945pt x 187.47505pt.
<./E_mix_hodo_Flask.pdf, id=1707, 569.12625pt x 414.54875pt>
File: ./E_mix_hodo_Flask.pdf Graphic file (type pdf)
<use ./E_mix_hodo_Flask.pdf>
Package pdftex.def Info: ./E_mix_hodo_Flask.pdf  used on input line 372.
(pdftex.def)             Requested size: 257.36945pt x 187.47505pt.
<../StepByStepPlots/E_mix_reco_Flask.pdf, id=1708, 569.12625pt x 414.54875pt>
File: ../StepByStepPlots/E_mix_reco_Flask.pdf Graphic file (type pdf)
<use ../StepByStepPlots/E_mix_reco_Flask.pdf>
Package pdftex.def Info: ../StepByStepPlots/E_mix_reco_Flask.pdf  used on input
 line 382.
(pdftex.def)             Requested size: 257.36945pt x 187.47505pt.
<./E_mix_reco_Flask.pdf, id=1709, 569.12625pt x 414.54875pt>
File: ./E_mix_reco_Flask.pdf Graphic file (type pdf)
<use ./E_mix_reco_Flask.pdf>
Package pdftex.def Info: ./E_mix_reco_Flask.pdf  used on input line 387.
(pdftex.def)             Requested size: 257.36945pt x 187.47505pt.
<../StepByStepPlots/E_mix_final_Flask.pdf, id=1710, 569.12625pt x 414.54875pt>
File: ../StepByStepPlots/E_mix_final_Flask.pdf Graphic file (type pdf)
<use ../StepByStepPlots/E_mix_final_Flask.pdf>
Package pdftex.def Info: ../StepByStepPlots/E_mix_final_Flask.pdf  used on inpu
t line 397.
(pdftex.def)             Requested size: 257.36945pt x 187.47505pt.
<./E_mix_final_Flask.pdf, id=1711, 569.12625pt x 414.54875pt>
File: ./E_mix_final_Flask.pdf Graphic file (type pdf)
<use ./E_mix_final_Flask.pdf>
Package pdftex.def Info: ./E_mix_final_Flask.pdf  used on input line 402.
(pdftex.def)             Requested size: 257.36945pt x 187.47505pt.
 [16

 <../StepByStepPlots/E_mix_hodo_Flask.pdf, page is rotated 90 degrees> <./E_mix
_hodo_Flask.pdf, page is rotated 90 degrees> <../StepByStepPlots/E_mix_reco_Fla
sk.pdf, page is rotated 90 degrees> <./E_mix_reco_Flask.pdf, page is rotated 90
 degrees>] [17 <../StepByStepPlots/E_mix_final_Flask.pdf, page is rotated 90 de
grees> <./E_mix_final_Flask.pdf, page is rotated 90 degrees>]
<../StepByStepPlots/E_final_signal_Flask.pdf, id=1979, 569.12625pt x 414.54875p
t>
File: ../StepByStepPlots/E_final_signal_Flask.pdf Graphic file (type pdf)
<use ../StepByStepPlots/E_final_signal_Flask.pdf>
Package pdftex.def Info: ../StepByStepPlots/E_final_signal_Flask.pdf  used on i
nput line 415.
(pdftex.def)             Requested size: 257.36945pt x 187.47505pt.
<./E_final_signal_Flask.pdf, id=1980, 569.12625pt x 414.54875pt>
File: ./E_final_signal_Flask.pdf Graphic file (type pdf)
<use ./E_final_signal_Flask.pdf>
Package pdftex.def Info: ./E_final_signal_Flask.pdf  used on input line 420.
(pdftex.def)             Requested size: 257.36945pt x 187.47505pt.
 [18

 <../StepByStepPlots/E_final_signal_Flask.pdf, page is rotated 90 degrees> <./E
_final_signal_Flask.pdf, page is rotated 90 degrees>] (./efficiency_corrections
_comparison.aux)
 ***********
LaTeX2e <2023-11-01> patch level 1
L3 programming layer <2024-01-22>
 ***********
Package rerunfilecheck Info: File `efficiency_corrections_comparison.out' has n
ot changed.
(rerunfilecheck)             Checksum: D85C9B2C89F9354D58812EAA9732705E;2689.
 ) 
Here is how much of TeX's memory you used:
 11466 strings out of 476182
 189899 string characters out of 5795595
 1935975 words of memory out of 5000000
 33285 multiletter control sequences out of 15000+600000
 564999 words of font info for 60 fonts, out of 8000000 for 9000
 14 hyphenation exceptions out of 8191
 75i,8n,79p,430b,545s stack positions out of 10000i,1000n,20000p,200000b,200000s
</usr/share/texlive/texmf-dist/fonts/type1/public/amsfonts/cm/cmbx12.pfb></us
r/share/texlive/texmf-dist/fonts/type1/public/amsfonts/cm/cmex10.pfb></usr/shar
e/texlive/texmf-dist/fonts/type1/public/amsfonts/cm/cmmi12.pfb></usr/share/texl
ive/texmf-dist/fonts/type1/public/amsfonts/cm/cmmi8.pfb></usr/share/texlive/tex
mf-dist/fonts/type1/public/amsfonts/cm/cmr10.pfb></usr/share/texlive/texmf-dist
/fonts/type1/public/amsfonts/cm/cmr12.pfb></usr/share/texlive/texmf-dist/fonts/
type1/public/amsfonts/cm/cmr17.pfb></usr/share/texlive/texmf-dist/fonts/type1/p
ublic/amsfonts/cm/cmr6.pfb></usr/share/texlive/texmf-dist/fonts/type1/public/am
sfonts/cm/cmr8.pfb></usr/share/texlive/texmf-dist/fonts/type1/public/amsfonts/c
m/cmsy10.pfb></usr/share/texmf/fonts/type1/public/cm-super/sfrm1200.pfb>
Output written on efficiency_corrections_comparison.pdf (18 pages, 830168 bytes
).
PDF statistics:
 2136 PDF objects out of 2487 (max. 8388607)
 992 compressed objects within 10 object streams
 63 named destinations out of 1000 (max. 500000)
 331 words of extra memory for PDF output out of 10000 (max. 10000000)

