This is pdfTeX, Version 3.141592653-2.6-1.40.25 (TeX Live 2023/Debian) (preloaded format=pdflatex 2025.9.19)  26 MAR 2026 12:45
entering extended mode
 restricted \write18 enabled.
 %&-line parsing enabled.
**efficiency_comparison.tex
(./efficiency_comparison.tex
LaTeX2e <2023-11-01> patch level 1
L3 programming layer <2024-01-22>
(/usr/share/texlive/texmf-dist/tex/latex/base/article.cls
Document Class: article 2023/05/17 v1.4n Standard LaTeX document class
(/usr/share/texlive/texmf-dist/tex/latex/base/size12.clo
File: size12.clo 2023/05/17 v1.4n Standard LaTeX file (size option)
)
\c@part=\count187
\c@section=\count188
\c@subsection=\count189
\c@subsubsection=\count190
\c@paragraph=\count191
\c@subparagraph=\count192
\c@figure=\count193
\c@table=\count194
\abovecaptionskip=\skip48
\belowcaptionskip=\skip49
\bibindent=\dimen140
)
(/usr/share/texlive/texmf-dist/tex/latex/base/inputenc.sty
Package: inputenc 2021/02/14 v1.3d Input encoding file
\inpenc@prehook=\toks17
\inpenc@posthook=\toks18
)
(/usr/share/texlive/texmf-dist/tex/latex/graphics/graphicx.sty
Package: graphicx 2021/09/16 v1.2d Enhanced LaTeX Graphics (DPC,SPQR)

(/usr/share/texlive/texmf-dist/tex/latex/graphics/keyval.sty
Package: keyval 2022/05/29 v1.15 key=value parser (DPC)
\KV@toks@=\toks19
)
(/usr/share/texlive/texmf-dist/tex/latex/graphics/graphics.sty
Package: graphics 2022/03/10 v1.4e Standard LaTeX Graphics (DPC,SPQR)

(/usr/share/texlive/texmf-dist/tex/latex/graphics/trig.sty
Package: trig 2021/08/11 v1.11 sin cos tan (DPC)
)
(/usr/share/texlive/texmf-dist/tex/latex/graphics-cfg/graphics.cfg
File: graphics.cfg 2016/06/04 v1.11 sample graphics configuration
)
Package graphics Info: Driver file: pdftex.def on input line 107.

(/usr/share/texlive/texmf-dist/tex/latex/graphics-def/pdftex.def
File: pdftex.def 2022/09/22 v1.2b Graphics/color driver for pdftex
))
\Gin@req@height=\dimen141
\Gin@req@width=\dimen142
)
(/usr/share/texlive/texmf-dist/tex/latex/geometry/geometry.sty
Package: geometry 2020/01/02 v5.9 Page Geometry

(/usr/share/texlive/texmf-dist/tex/generic/iftex/ifvtex.sty
Package: ifvtex 2019/10/25 v1.7 ifvtex legacy package. Use iftex instead.

(/usr/share/texlive/texmf-dist/tex/generic/iftex/iftex.sty
Package: iftex 2022/02/03 v1.0f TeX engine tests
))
\Gm@cnth=\count195
\Gm@cntv=\count196
\c@Gm@tempcnt=\count197
\Gm@bindingoffset=\dimen143
\Gm@wd@mp=\dimen144
\Gm@odd@mp=\dimen145
\Gm@even@mp=\dimen146
\Gm@layoutwidth=\dimen147
\Gm@layoutheight=\dimen148
\Gm@layouthoffset=\dimen149
\Gm@layoutvoffset=\dimen150
\Gm@dimlist=\toks20
)
(/usr/share/texlive/texmf-dist/tex/latex/caption/caption.sty
Package: caption 2023/08/05 v3.6o Customizing captions (AR)

(/usr/share/texlive/texmf-dist/tex/latex/caption/caption3.sty
Package: caption3 2023/07/31 v2.4d caption3 kernel (AR)
\caption@tempdima=\dimen151
\captionmargin=\dimen152
\caption@leftmargin=\dimen153
\caption@rightmargin=\dimen154
\caption@width=\dimen155
\caption@indent=\dimen156
\caption@parindent=\dimen157
\caption@hangindent=\dimen158
Package caption Info: Standard document class detected.
)
\c@caption@flags=\count198
\c@continuedfloat=\count199
)
(/usr/share/texlive/texmf-dist/tex/latex/caption/subcaption.sty
Package: subcaption 2023/07/28 v1.6b Sub-captions (AR)
Package caption Info: New subtype `subfigure' on input line 238.
\c@subfigure=\count266
Package caption Info: New subtype `subtable' on input line 238.
\c@subtable=\count267
)
(/usr/share/texlive/texmf-dist/tex/latex/l3backend/l3backend-pdftex.def
File: l3backend-pdftex.def 2024-01-04 L3 backend support: PDF output (pdfTeX)
\l__color_backend_stack_int=\count268
\l__pdf_internal_box=\box51
)
(./efficiency_comparison.aux)
\openout1 = `efficiency_comparison.aux'.

LaTeX Font Info:    Checking defaults for OML/cmm/m/it on input line 15.
LaTeX Font Info:    ... okay on input line 15.
LaTeX Font Info:    Checking defaults for OMS/cmsy/m/n on input line 15.
LaTeX Font Info:    ... okay on input line 15.
LaTeX Font Info:    Checking defaults for OT1/cmr/m/n on input line 15.
LaTeX Font Info:    ... okay on input line 15.
LaTeX Font Info:    Checking defaults for T1/cmr/m/n on input line 15.
LaTeX Font Info:    ... okay on input line 15.
LaTeX Font Info:    Checking defaults for TS1/cmr/m/n on input line 15.
LaTeX Font Info:    ... okay on input line 15.
LaTeX Font Info:    Checking defaults for OMX/cmex/m/n on input line 15.
LaTeX Font Info:    ... okay on input line 15.
LaTeX Font Info:    Checking defaults for U/cmr/m/n on input line 15.
LaTeX Font Info:    ... okay on input line 15.

(/usr/share/texlive/texmf-dist/tex/context/base/mkii/supp-pdf.mkii
[Loading MPS to PDF converter (version 2006.09.02).]
\scratchcounter=\count269
\scratchdimen=\dimen159
\scratchbox=\box52
\nofMPsegments=\count270
\nofMParguments=\count271
\everyMPshowfont=\toks21
\MPscratchCnt=\count272
\MPscratchDim=\dimen160
\MPnumerator=\count273
\makeMPintoPDFobject=\count274
\everyMPtoPDFconversion=\toks22
) (/usr/share/texlive/texmf-dist/tex/latex/epstopdf-pkg/epstopdf-base.sty
Package: epstopdf-base 2020-01-24 v2.11 Base part for package epstopdf
Package epstopdf-base Info: Redefining graphics rule for `.eps' on input line 4
85.

(/usr/share/texlive/texmf-dist/tex/latex/latexconfig/epstopdf-sys.cfg
File: epstopdf-sys.cfg 2010/07/13 v1.3 Configuration of (r)epstopdf for TeX Liv
e
))
*geometry* driver: auto-detecting
*geometry* detected driver: pdftex
*geometry* verbose mode - [ preamble ] result:
* driver: pdftex
* paper: a4paper
* layout: <same size as paper>
* layoutoffset:(h,v)=(0.0pt,0.0pt)
* modes: 
* h-part:(L,W,R)=(36.135pt, 525.23788pt, 36.135pt)
* v-part:(T,H,B)=(72.26999pt, 700.50687pt, 72.26999pt)
* \paperwidth=597.50787pt
* \paperheight=845.04684pt
* \textwidth=525.23788pt
* \textheight=700.50687pt
* \oddsidemargin=-36.135pt
* \evensidemargin=-36.135pt
* \topmargin=-37.0pt
* \headheight=12.0pt
* \headsep=25.0pt
* \topskip=12.0pt
* \footskip=30.0pt
* \marginparwidth=35.0pt
* \marginparsep=10.0pt
* \columnsep=10.0pt
* \skip\footins=10.8pt plus 4.0pt minus 2.0pt
* \hoffset=0.0pt
* \voffset=0.0pt
* \mag=1000
* \@twocolumnfalse
* \@twosidefalse
* \@mparswitchfalse
* \@reversemarginfalse
* (1in=72.27pt=25.4mm, 1cm=28.453pt)

Package caption Info: Begin \AtBeginDocument code.
Package caption Info: End \AtBeginDocument code.
LaTeX Font Info:    External font `cmex10' loaded for size
(Font)              <14.4> on input line 16.
LaTeX Font Info:    External font `cmex10' loaded for size
(Font)              <7> on input line 16.
(./efficiency_comparison.toc)
\tf@toc=\write3
\openout3 = `efficiency_comparison.toc'.

 [1

{/var/lib/texmf/fonts/map/pdftex/updmap/pdftex.map}]
</root/github/e906-development/src/CalculateDoubleDifferentialCrossSection/RS67
/StepByStepPlots/E_total_reco_LH2.pdf, id=9, 569.12625pt x 414.54875pt>
File: /root/github/e906-development/src/CalculateDoubleDifferentialCrossSection
/RS67/StepByStepPlots/E_total_reco_LH2.pdf Graphic file (type pdf)
<use /root/github/e906-development/src/CalculateDoubleDifferentialCrossSection/
RS67/StepByStepPlots/E_total_reco_LH2.pdf>
Package pdftex.def Info: /root/github/e906-development/src/CalculateDoubleDiffe
rentialCrossSection/RS67/StepByStepPlots/E_total_reco_LH2.pdf  used on input li
ne 25.
(pdftex.def)             Requested size: 257.36945pt x 187.47505pt.


LaTeX Warning: File `./E_total_reco_LH2_correlated.pdf' not found on input line
 30.


! Package pdftex.def Error: File `./E_total_reco_LH2_correlated.pdf' not found:
 using draft setting.

See the pdftex.def package documentation for explanation.
Type  H <return>  for immediate help.
 ...                                              
                                                  
l.30 ...ewidth]{./E_total_reco_LH2_correlated.pdf}
                                                  
Try typing  <return>  to proceed.
If that doesn't work, type  X <return>  to quit.

</root/github/e906-development/src/CalculateDoubleDifferentialCrossSection/RS67
/StepByStepPlots/E_mix_reco_LH2.pdf, id=10, 569.12625pt x 414.54875pt>
File: /root/github/e906-development/src/CalculateDoubleDifferentialCrossSection
/RS67/StepByStepPlots/E_mix_reco_LH2.pdf Graphic file (type pdf)
<use /root/github/e906-development/src/CalculateDoubleDifferentialCrossSection/
RS67/StepByStepPlots/E_mix_reco_LH2.pdf>
Package pdftex.def Info: /root/github/e906-development/src/CalculateDoubleDiffe
rentialCrossSection/RS67/StepByStepPlots/E_mix_reco_LH2.pdf  used on input line
 40.
(pdftex.def)             Requested size: 257.36945pt x 187.47505pt.

LaTeX Warning: File `./E_mix_reco_LH2_correlated.pdf' not found on input line 4
5.


! Package pdftex.def Error: File `./E_mix_reco_LH2_correlated.pdf' not found: u
sing draft setting.

See the pdftex.def package documentation for explanation.
Type  H <return>  for immediate help.
 ...                                              
                                                  
l.45 ...inewidth]{./E_mix_reco_LH2_correlated.pdf}
                                                  
Try typing  <return>  to proceed.
If that doesn't work, type  X <return>  to quit.

[2

 </root/github/e906-development/src/CalculateDoubleDifferentialCrossSection/RS6
7/StepByStepPlots/E_total_reco_LH2.pdf, page is rotated 90 degrees>] [3 </root/
github/e906-development/src/CalculateDoubleDifferentialCrossSection/RS67/StepBy
StepPlots/E_mix_reco_LH2.pdf, page is rotated 90 degrees>]
</root/github/e906-development/src/CalculateDoubleDifferentialCrossSection/RS67
/StepByStepPlots/E_total_reco_LD2.pdf, id=105, 569.12625pt x 414.54875pt>
File: /root/github/e906-development/src/CalculateDoubleDifferentialCrossSection
/RS67/StepByStepPlots/E_total_reco_LD2.pdf Graphic file (type pdf)
<use /root/github/e906-development/src/CalculateDoubleDifferentialCrossSection/
RS67/StepByStepPlots/E_total_reco_LD2.pdf>
Package pdftex.def Info: /root/github/e906-development/src/CalculateDoubleDiffe
rentialCrossSection/RS67/StepByStepPlots/E_total_reco_LD2.pdf  used on input li
ne 57.
(pdftex.def)             Requested size: 257.36945pt x 187.47505pt.


LaTeX Warning: File `./E_total_reco_LD2_correlated.pdf' not found on input line
 62.


! Package pdftex.def Error: File `./E_total_reco_LD2_correlated.pdf' not found:
 using draft setting.

See the pdftex.def package documentation for explanation.
Type  H <return>  for immediate help.
 ...                                              
                                                  
l.62 ...ewidth]{./E_total_reco_LD2_correlated.pdf}
                                                  
Try typing  <return>  to proceed.
If that doesn't work, type  X <return>  to quit.

</root/github/e906-development/src/CalculateDoubleDifferentialCrossSection/RS67
/StepByStepPlots/E_mix_reco_LD2.pdf, id=106, 569.12625pt x 414.54875pt>
File: /root/github/e906-development/src/CalculateDoubleDifferentialCrossSection
/RS67/StepByStepPlots/E_mix_reco_LD2.pdf Graphic file (type pdf)
<use /root/github/e906-development/src/CalculateDoubleDifferentialCrossSection/
RS67/StepByStepPlots/E_mix_reco_LD2.pdf>
Package pdftex.def Info: /root/github/e906-development/src/CalculateDoubleDiffe
rentialCrossSection/RS67/StepByStepPlots/E_mix_reco_LD2.pdf  used on input line
 72.
(pdftex.def)             Requested size: 257.36945pt x 187.47505pt.

LaTeX Warning: File `./E_mix_reco_LD2_correlated.pdf' not found on input line 7
7.


! Package pdftex.def Error: File `./E_mix_reco_LD2_correlated.pdf' not found: u
sing draft setting.

See the pdftex.def package documentation for explanation.
Type  H <return>  for immediate help.
 ...                                              
                                                  
l.77 ...inewidth]{./E_mix_reco_LD2_correlated.pdf}
                                                  
Try typing  <return>  to proceed.
If that doesn't work, type  X <return>  to quit.

[4

 </root/github/e906-development/src/CalculateDoubleDifferentialCrossSection/RS6
7/StepByStepPlots/E_total_reco_LD2.pdf, page is rotated 90 degrees>] [5 </root/
github/e906-development/src/CalculateDoubleDifferentialCrossSection/RS67/StepBy
StepPlots/E_mix_reco_LD2.pdf, page is rotated 90 degrees>]
</root/github/e906-development/src/CalculateDoubleDifferentialCrossSection/RS67
/StepByStepPlots/E_total_reco_Flask.pdf, id=199, 569.12625pt x 414.54875pt>
File: /root/github/e906-development/src/CalculateDoubleDifferentialCrossSection
/RS67/StepByStepPlots/E_total_reco_Flask.pdf Graphic file (type pdf)
<use /root/github/e906-development/src/CalculateDoubleDifferentialCrossSection/
RS67/StepByStepPlots/E_total_reco_Flask.pdf>
Package pdftex.def Info: /root/github/e906-development/src/CalculateDoubleDiffe
rentialCrossSection/RS67/StepByStepPlots/E_total_reco_Flask.pdf  used on input 
line 89.
(pdftex.def)             Requested size: 257.36945pt x 187.47505pt.


LaTeX Warning: File `./E_total_reco_Flask_correlated.pdf' not found on input li
ne 94.


! Package pdftex.def Error: File `./E_total_reco_Flask_correlated.pdf' not foun
d: using draft setting.

See the pdftex.def package documentation for explanation.
Type  H <return>  for immediate help.
 ...                                              
                                                  
l.94 ...idth]{./E_total_reco_Flask_correlated.pdf}
                                                  
Try typing  <return>  to proceed.
If that doesn't work, type  X <return>  to quit.

</root/github/e906-development/src/CalculateDoubleDifferentialCrossSection/RS67
/StepByStepPlots/E_mix_reco_Flask.pdf, id=200, 569.12625pt x 414.54875pt>
File: /root/github/e906-development/src/CalculateDoubleDifferentialCrossSection
/RS67/StepByStepPlots/E_mix_reco_Flask.pdf Graphic file (type pdf)
<use /root/github/e906-development/src/CalculateDoubleDifferentialCrossSection/
RS67/StepByStepPlots/E_mix_reco_Flask.pdf>
Package pdftex.def Info: /root/github/e906-development/src/CalculateDoubleDiffe
rentialCrossSection/RS67/StepByStepPlots/E_mix_reco_Flask.pdf  used on input li
ne 104.
(pdftex.def)             Requested size: 257.36945pt x 187.47505pt.

LaTeX Warning: File `./E_mix_reco_Flask_correlated.pdf' not found on input line
 109.


! Package pdftex.def Error: File `./E_mix_reco_Flask_correlated.pdf' not found:
 using draft setting.

See the pdftex.def package documentation for explanation.
Type  H <return>  for immediate help.
 ...                                              
                                                  
l.109 ...width]{./E_mix_reco_Flask_correlated.pdf}
                                                  
Try typing  <return>  to proceed.
If that doesn't work, type  X <return>  to quit.

[6

 </root/github/e906-development/src/CalculateDoubleDifferentialCrossSection/RS6
7/StepByStepPlots/E_total_reco_Flask.pdf, page is rotated 90 degrees>]
[7 </root/github/e906-development/src/CalculateDoubleDifferentialCrossSection/R
S67/StepByStepPlots/E_mix_reco_Flask.pdf, page is rotated 90 degrees>]
(./efficiency_comparison.aux)
 ***********
LaTeX2e <2023-11-01> patch level 1
L3 programming layer <2024-01-22>
 ***********
 ) 
Here is how much of TeX's memory you used:
 3568 strings out of 476182
 71616 string characters out of 5795595
 1925975 words of memory out of 5000000
 25587 multiletter control sequences out of 15000+600000
 560961 words of font info for 46 fonts, out of 8000000 for 9000
 14 hyphenation exceptions out of 8191
 57i,8n,65p,322b,487s stack positions out of 10000i,1000n,20000p,200000b,200000s
</usr/share/texlive/texmf-dist/fonts/type1/public/amsfonts/cm/cmbx12.pfb></us
r/share/texlive/texmf-dist/fonts/type1/public/amsfonts/cm/cmr10.pfb></usr/share
/texlive/texmf-dist/fonts/type1/public/amsfonts/cm/cmr12.pfb></usr/share/texliv
e/texmf-dist/fonts/type1/public/amsfonts/cm/cmr17.pfb></usr/share/texlive/texmf
-dist/fonts/type1/public/amsfonts/cm/cmtt12.pfb>
Output written on efficiency_comparison.pdf (7 pages, 163200 bytes).
PDF statistics:
 318 PDF objects out of 1000 (max. 8388607)
 141 compressed objects within 2 object streams
 0 named destinations out of 1000 (max. 500000)
 31 words of extra memory for PDF output out of 10000 (max. 10000000)

